2017-08-07T11:25:32+02:00 CRIT (2): Application error
2017-08-07T11:25:32+02:00 CRIT (2): script 'movie/add.phtml' not found in path (C:/xampp/htdocs/zend1/application/modules/default/views\scripts/)
2017-08-07T11:25:32+02:00 CRIT (2): #0 C:\xampp\htdocs\zend1\library\Zend\View\Abstract.php(884): Zend_View_Abstract->_script('movie/add.phtml')
#1 C:\xampp\htdocs\zend1\library\Zend\Controller\Action\Helper\ViewRenderer.php(900): Zend_View_Abstract->render('movie/add.phtml')
#2 C:\xampp\htdocs\zend1\library\Zend\Controller\Action\Helper\ViewRenderer.php(921): Zend_Controller_Action_Helper_ViewRenderer->renderScript('movie/add.phtml', NULL)
#3 C:\xampp\htdocs\zend1\library\Zend\Controller\Action\Helper\ViewRenderer.php(960): Zend_Controller_Action_Helper_ViewRenderer->render()
#4 C:\xampp\htdocs\zend1\library\Zend\Controller\Action\HelperBroker.php(277): Zend_Controller_Action_Helper_ViewRenderer->postDispatch()
#5 C:\xampp\htdocs\zend1\library\Zend\Controller\Action.php(527): Zend_Controller_Action_HelperBroker->notifyPostDispatch()
#6 C:\xampp\htdocs\zend1\library\Zend\Controller\Dispatcher\Standard.php(308): Zend_Controller_Action->dispatch('addAction')
#7 C:\xampp\htdocs\zend1\library\Zend\Controller\Front.php(954): Zend_Controller_Dispatcher_Standard->dispatch(Object(Zend_Controller_Request_Http), Object(Zend_Controller_Response_Http))
#8 C:\xampp\htdocs\zend1\library\Zend\Application\Bootstrap\Bootstrap.php(97): Zend_Controller_Front->dispatch()
#9 C:\xampp\htdocs\zend1\init.php(34): Zend_Application_Bootstrap_Bootstrap->run()
#10 C:\xampp\htdocs\zend1\public\index.php(3): Application::run()
#11 {main}
2017-08-07T11:25:32+02:00 CRIT (2): array (
  'controller' => 'movie',
  'action' => 'add',
  'module' => 'default',
)
2017-08-07T11:26:02+02:00 CRIT (2): Application error
2017-08-07T11:26:02+02:00 CRIT (2): script 'movie/add.phtml' not found in path (C:/xampp/htdocs/zend1/application/modules/default/views\scripts/)
2017-08-07T11:26:02+02:00 CRIT (2): #0 C:\xampp\htdocs\zend1\library\Zend\View\Abstract.php(884): Zend_View_Abstract->_script('movie/add.phtml')
#1 C:\xampp\htdocs\zend1\library\Zend\Controller\Action\Helper\ViewRenderer.php(900): Zend_View_Abstract->render('movie/add.phtml')
#2 C:\xampp\htdocs\zend1\library\Zend\Controller\Action\Helper\ViewRenderer.php(921): Zend_Controller_Action_Helper_ViewRenderer->renderScript('movie/add.phtml', NULL)
#3 C:\xampp\htdocs\zend1\library\Zend\Controller\Action\Helper\ViewRenderer.php(960): Zend_Controller_Action_Helper_ViewRenderer->render()
#4 C:\xampp\htdocs\zend1\library\Zend\Controller\Action\HelperBroker.php(277): Zend_Controller_Action_Helper_ViewRenderer->postDispatch()
#5 C:\xampp\htdocs\zend1\library\Zend\Controller\Action.php(527): Zend_Controller_Action_HelperBroker->notifyPostDispatch()
#6 C:\xampp\htdocs\zend1\library\Zend\Controller\Dispatcher\Standard.php(308): Zend_Controller_Action->dispatch('addAction')
#7 C:\xampp\htdocs\zend1\library\Zend\Controller\Front.php(954): Zend_Controller_Dispatcher_Standard->dispatch(Object(Zend_Controller_Request_Http), Object(Zend_Controller_Response_Http))
#8 C:\xampp\htdocs\zend1\library\Zend\Application\Bootstrap\Bootstrap.php(97): Zend_Controller_Front->dispatch()
#9 C:\xampp\htdocs\zend1\init.php(34): Zend_Application_Bootstrap_Bootstrap->run()
#10 C:\xampp\htdocs\zend1\public\index.php(3): Application::run()
#11 {main}
2017-08-07T11:26:02+02:00 CRIT (2): array (
  'controller' => 'movie',
  'action' => 'add',
  'module' => 'default',
)
2017-08-07T11:26:03+02:00 CRIT (2): Application error
2017-08-07T11:26:03+02:00 CRIT (2): script 'movie/add.phtml' not found in path (C:/xampp/htdocs/zend1/application/modules/default/views\scripts/)
2017-08-07T11:26:03+02:00 CRIT (2): #0 C:\xampp\htdocs\zend1\library\Zend\View\Abstract.php(884): Zend_View_Abstract->_script('movie/add.phtml')
#1 C:\xampp\htdocs\zend1\library\Zend\Controller\Action\Helper\ViewRenderer.php(900): Zend_View_Abstract->render('movie/add.phtml')
#2 C:\xampp\htdocs\zend1\library\Zend\Controller\Action\Helper\ViewRenderer.php(921): Zend_Controller_Action_Helper_ViewRenderer->renderScript('movie/add.phtml', NULL)
#3 C:\xampp\htdocs\zend1\library\Zend\Controller\Action\Helper\ViewRenderer.php(960): Zend_Controller_Action_Helper_ViewRenderer->render()
#4 C:\xampp\htdocs\zend1\library\Zend\Controller\Action\HelperBroker.php(277): Zend_Controller_Action_Helper_ViewRenderer->postDispatch()
#5 C:\xampp\htdocs\zend1\library\Zend\Controller\Action.php(527): Zend_Controller_Action_HelperBroker->notifyPostDispatch()
#6 C:\xampp\htdocs\zend1\library\Zend\Controller\Dispatcher\Standard.php(308): Zend_Controller_Action->dispatch('addAction')
#7 C:\xampp\htdocs\zend1\library\Zend\Controller\Front.php(954): Zend_Controller_Dispatcher_Standard->dispatch(Object(Zend_Controller_Request_Http), Object(Zend_Controller_Response_Http))
#8 C:\xampp\htdocs\zend1\library\Zend\Application\Bootstrap\Bootstrap.php(97): Zend_Controller_Front->dispatch()
#9 C:\xampp\htdocs\zend1\init.php(34): Zend_Application_Bootstrap_Bootstrap->run()
#10 C:\xampp\htdocs\zend1\public\index.php(3): Application::run()
#11 {main}
2017-08-07T11:26:03+02:00 CRIT (2): array (
  'controller' => 'movie',
  'action' => 'add',
  'module' => 'default',
)
2017-08-07T12:15:43+02:00 NOTICE (5): Page not found
2017-08-07T12:15:43+02:00 NOTICE (5): Action "new" does not exist and was not trapped in __call()
2017-08-07T12:15:43+02:00 NOTICE (5): #0 C:\xampp\htdocs\zend1\library\Zend\Controller\Action.php(518): Zend_Controller_Action->__call('newAction', Array)
#1 C:\xampp\htdocs\zend1\library\Zend\Controller\Dispatcher\Standard.php(308): Zend_Controller_Action->dispatch('newAction')
#2 C:\xampp\htdocs\zend1\library\Zend\Controller\Front.php(954): Zend_Controller_Dispatcher_Standard->dispatch(Object(Zend_Controller_Request_Http), Object(Zend_Controller_Response_Http))
#3 C:\xampp\htdocs\zend1\library\Zend\Application\Bootstrap\Bootstrap.php(97): Zend_Controller_Front->dispatch()
#4 C:\xampp\htdocs\zend1\init.php(34): Zend_Application_Bootstrap_Bootstrap->run()
#5 C:\xampp\htdocs\zend1\public\index.php(3): Application::run()
#6 {main}
2017-08-07T12:15:43+02:00 NOTICE (5): array (
  'controller' => 'movie',
  'action' => 'new',
  'module' => 'default',
)
2017-08-07T12:35:36+02:00 NOTICE (5): Page not found
2017-08-07T12:35:36+02:00 NOTICE (5): Invalid controller specified (add)
2017-08-07T12:35:36+02:00 NOTICE (5): #0 C:\xampp\htdocs\zend1\library\Zend\Controller\Front.php(954): Zend_Controller_Dispatcher_Standard->dispatch(Object(Zend_Controller_Request_Http), Object(Zend_Controller_Response_Http))
#1 C:\xampp\htdocs\zend1\library\Zend\Application\Bootstrap\Bootstrap.php(97): Zend_Controller_Front->dispatch()
#2 C:\xampp\htdocs\zend1\init.php(34): Zend_Application_Bootstrap_Bootstrap->run()
#3 C:\xampp\htdocs\zend1\public\index.php(3): Application::run()
#4 {main}
2017-08-07T12:35:36+02:00 NOTICE (5): array (
  'controller' => 'add',
  'action' => 'index',
  'module' => 'default',
)
2017-08-07T12:35:51+02:00 NOTICE (5): Page not found
2017-08-07T12:35:51+02:00 NOTICE (5): Invalid controller specified (add)
2017-08-07T12:35:51+02:00 NOTICE (5): #0 C:\xampp\htdocs\zend1\library\Zend\Controller\Front.php(954): Zend_Controller_Dispatcher_Standard->dispatch(Object(Zend_Controller_Request_Http), Object(Zend_Controller_Response_Http))
#1 C:\xampp\htdocs\zend1\library\Zend\Application\Bootstrap\Bootstrap.php(97): Zend_Controller_Front->dispatch()
#2 C:\xampp\htdocs\zend1\init.php(34): Zend_Application_Bootstrap_Bootstrap->run()
#3 C:\xampp\htdocs\zend1\public\index.php(3): Application::run()
#4 {main}
2017-08-07T12:35:51+02:00 NOTICE (5): array (
  'controller' => 'add',
  'action' => 'index',
  'module' => 'default',
)
2017-08-07T12:35:52+02:00 NOTICE (5): Page not found
2017-08-07T12:35:52+02:00 NOTICE (5): Invalid controller specified (add)
2017-08-07T12:35:52+02:00 NOTICE (5): #0 C:\xampp\htdocs\zend1\library\Zend\Controller\Front.php(954): Zend_Controller_Dispatcher_Standard->dispatch(Object(Zend_Controller_Request_Http), Object(Zend_Controller_Response_Http))
#1 C:\xampp\htdocs\zend1\library\Zend\Application\Bootstrap\Bootstrap.php(97): Zend_Controller_Front->dispatch()
#2 C:\xampp\htdocs\zend1\init.php(34): Zend_Application_Bootstrap_Bootstrap->run()
#3 C:\xampp\htdocs\zend1\public\index.php(3): Application::run()
#4 {main}
2017-08-07T12:35:52+02:00 NOTICE (5): array (
  'controller' => 'add',
  'action' => 'index',
  'module' => 'default',
)
2017-08-07T12:35:53+02:00 NOTICE (5): Page not found
2017-08-07T12:35:53+02:00 NOTICE (5): Invalid controller specified (add)
2017-08-07T12:35:53+02:00 NOTICE (5): #0 C:\xampp\htdocs\zend1\library\Zend\Controller\Front.php(954): Zend_Controller_Dispatcher_Standard->dispatch(Object(Zend_Controller_Request_Http), Object(Zend_Controller_Response_Http))
#1 C:\xampp\htdocs\zend1\library\Zend\Application\Bootstrap\Bootstrap.php(97): Zend_Controller_Front->dispatch()
#2 C:\xampp\htdocs\zend1\init.php(34): Zend_Application_Bootstrap_Bootstrap->run()
#3 C:\xampp\htdocs\zend1\public\index.php(3): Application::run()
#4 {main}
2017-08-07T12:35:53+02:00 NOTICE (5): array (
  'controller' => 'add',
  'action' => 'index',
  'module' => 'default',
)
2017-08-07T15:19:48+02:00 CRIT (2): Application error
2017-08-07T15:19:48+02:00 CRIT (2): SQLSTATE[3D000]: Invalid catalog name: 1046 No database selected
2017-08-07T15:19:48+02:00 CRIT (2): #0 C:\xampp\htdocs\zend1\library\Zend\Db\Statement.php(303): Zend_Db_Statement_Pdo->_execute(Array)
#1 C:\xampp\htdocs\zend1\library\Zend\Db\Adapter\Abstract.php(479): Zend_Db_Statement->execute(Array)
#2 C:\xampp\htdocs\zend1\library\Zend\Db\Adapter\Pdo\Abstract.php(238): Zend_Db_Adapter_Abstract->query('DESCRIBE `movie...', Array)
#3 C:\xampp\htdocs\zend1\library\Zend\Db\Adapter\Pdo\Mysql.php(169): Zend_Db_Adapter_Pdo_Abstract->query('DESCRIBE `movie...')
#4 C:\xampp\htdocs\zend1\library\Zend\Db\Table\Abstract.php(836): Zend_Db_Adapter_Pdo_Mysql->describeTable('movie', NULL)
#5 C:\xampp\htdocs\zend1\library\Zend\Db\Table\Abstract.php(858): Zend_Db_Table_Abstract->_setupMetadata()
#6 C:\xampp\htdocs\zend1\library\Zend\Db\Table\Abstract.php(898): Zend_Db_Table_Abstract->_getCols()
#7 C:\xampp\htdocs\zend1\library\Zend\Db\Table\Abstract.php(983): Zend_Db_Table_Abstract->_setupPrimaryKey()
#8 C:\xampp\htdocs\zend1\library\Zend\Db\Table\Select.php(100): Zend_Db_Table_Abstract->info()
#9 C:\xampp\htdocs\zend1\library\Zend\Db\Table\Select.php(78): Zend_Db_Table_Select->setTable(Object(Application_Model_DbTable_Movie))
#10 C:\xampp\htdocs\zend1\library\Zend\Db\Table\Abstract.php(1019): Zend_Db_Table_Select->__construct(Object(Application_Model_DbTable_Movie))
#11 C:\xampp\htdocs\zend1\library\Zend\Db\Table\Abstract.php(1372): Zend_Db_Table_Abstract->select()
#12 C:\xampp\htdocs\zend1\application\modules\default\controllers\MovieController.php(13): Zend_Db_Table_Abstract->fetchAll()
#13 C:\xampp\htdocs\zend1\library\Zend\Controller\Action.php(516): MovieController->indexAction()
#14 C:\xampp\htdocs\zend1\library\Zend\Controller\Dispatcher\Standard.php(308): Zend_Controller_Action->dispatch('indexAction')
#15 C:\xampp\htdocs\zend1\library\Zend\Controller\Front.php(954): Zend_Controller_Dispatcher_Standard->dispatch(Object(Zend_Controller_Request_Http), Object(Zend_Controller_Response_Http))
#16 C:\xampp\htdocs\zend1\library\Zend\Application\Bootstrap\Bootstrap.php(97): Zend_Controller_Front->dispatch()
#17 C:\xampp\htdocs\zend1\init.php(34): Zend_Application_Bootstrap_Bootstrap->run()
#18 C:\xampp\htdocs\zend1\public\index.php(3): Application::run()
#19 {main}
2017-08-07T15:19:48+02:00 CRIT (2): array (
  'controller' => 'movie',
  'action' => 'index',
  'module' => 'default',
)
2017-08-07T15:20:33+02:00 CRIT (2): Application error
2017-08-07T15:20:33+02:00 CRIT (2): SQLSTATE[3D000]: Invalid catalog name: 1046 No database selected
2017-08-07T15:20:33+02:00 CRIT (2): #0 C:\xampp\htdocs\zend1\library\Zend\Db\Statement.php(303): Zend_Db_Statement_Pdo->_execute(Array)
#1 C:\xampp\htdocs\zend1\library\Zend\Db\Adapter\Abstract.php(479): Zend_Db_Statement->execute(Array)
#2 C:\xampp\htdocs\zend1\library\Zend\Db\Adapter\Pdo\Abstract.php(238): Zend_Db_Adapter_Abstract->query('DESCRIBE `movie...', Array)
#3 C:\xampp\htdocs\zend1\library\Zend\Db\Adapter\Pdo\Mysql.php(169): Zend_Db_Adapter_Pdo_Abstract->query('DESCRIBE `movie...')
#4 C:\xampp\htdocs\zend1\library\Zend\Db\Table\Abstract.php(836): Zend_Db_Adapter_Pdo_Mysql->describeTable('movie', NULL)
#5 C:\xampp\htdocs\zend1\library\Zend\Db\Table\Abstract.php(858): Zend_Db_Table_Abstract->_setupMetadata()
#6 C:\xampp\htdocs\zend1\library\Zend\Db\Table\Abstract.php(898): Zend_Db_Table_Abstract->_getCols()
#7 C:\xampp\htdocs\zend1\library\Zend\Db\Table\Abstract.php(983): Zend_Db_Table_Abstract->_setupPrimaryKey()
#8 C:\xampp\htdocs\zend1\library\Zend\Db\Table\Select.php(100): Zend_Db_Table_Abstract->info()
#9 C:\xampp\htdocs\zend1\library\Zend\Db\Table\Select.php(78): Zend_Db_Table_Select->setTable(Object(Application_Model_DbTable_Movie))
#10 C:\xampp\htdocs\zend1\library\Zend\Db\Table\Abstract.php(1019): Zend_Db_Table_Select->__construct(Object(Application_Model_DbTable_Movie))
#11 C:\xampp\htdocs\zend1\library\Zend\Db\Table\Abstract.php(1372): Zend_Db_Table_Abstract->select()
#12 C:\xampp\htdocs\zend1\application\modules\default\controllers\MovieController.php(13): Zend_Db_Table_Abstract->fetchAll()
#13 C:\xampp\htdocs\zend1\library\Zend\Controller\Action.php(516): MovieController->indexAction()
#14 C:\xampp\htdocs\zend1\library\Zend\Controller\Dispatcher\Standard.php(308): Zend_Controller_Action->dispatch('indexAction')
#15 C:\xampp\htdocs\zend1\library\Zend\Controller\Front.php(954): Zend_Controller_Dispatcher_Standard->dispatch(Object(Zend_Controller_Request_Http), Object(Zend_Controller_Response_Http))
#16 C:\xampp\htdocs\zend1\library\Zend\Application\Bootstrap\Bootstrap.php(97): Zend_Controller_Front->dispatch()
#17 C:\xampp\htdocs\zend1\init.php(34): Zend_Application_Bootstrap_Bootstrap->run()
#18 C:\xampp\htdocs\zend1\public\index.php(3): Application::run()
#19 {main}
2017-08-07T15:20:33+02:00 CRIT (2): array (
  'controller' => 'movie',
  'action' => 'index',
  'module' => 'default',
)
2017-08-07T15:23:39+02:00 CRIT (2): Application error
2017-08-07T15:23:39+02:00 CRIT (2): SQLSTATE[3D000]: Invalid catalog name: 1046 No database selected
2017-08-07T15:23:39+02:00 CRIT (2): #0 C:\xampp\htdocs\zend1\library\Zend\Db\Statement.php(303): Zend_Db_Statement_Pdo->_execute(Array)
#1 C:\xampp\htdocs\zend1\library\Zend\Db\Adapter\Abstract.php(479): Zend_Db_Statement->execute(Array)
#2 C:\xampp\htdocs\zend1\library\Zend\Db\Adapter\Pdo\Abstract.php(238): Zend_Db_Adapter_Abstract->query('DESCRIBE `movie...', Array)
#3 C:\xampp\htdocs\zend1\library\Zend\Db\Adapter\Pdo\Mysql.php(169): Zend_Db_Adapter_Pdo_Abstract->query('DESCRIBE `movie...')
#4 C:\xampp\htdocs\zend1\library\Zend\Db\Table\Abstract.php(836): Zend_Db_Adapter_Pdo_Mysql->describeTable('movie', NULL)
#5 C:\xampp\htdocs\zend1\library\Zend\Db\Table\Abstract.php(858): Zend_Db_Table_Abstract->_setupMetadata()
#6 C:\xampp\htdocs\zend1\library\Zend\Db\Table\Abstract.php(898): Zend_Db_Table_Abstract->_getCols()
#7 C:\xampp\htdocs\zend1\library\Zend\Db\Table\Abstract.php(983): Zend_Db_Table_Abstract->_setupPrimaryKey()
#8 C:\xampp\htdocs\zend1\library\Zend\Db\Table\Select.php(100): Zend_Db_Table_Abstract->info()
#9 C:\xampp\htdocs\zend1\library\Zend\Db\Table\Select.php(78): Zend_Db_Table_Select->setTable(Object(Application_Model_DbTable_Movie))
#10 C:\xampp\htdocs\zend1\library\Zend\Db\Table\Abstract.php(1019): Zend_Db_Table_Select->__construct(Object(Application_Model_DbTable_Movie))
#11 C:\xampp\htdocs\zend1\library\Zend\Db\Table\Abstract.php(1372): Zend_Db_Table_Abstract->select()
#12 C:\xampp\htdocs\zend1\application\modules\default\controllers\MovieController.php(13): Zend_Db_Table_Abstract->fetchAll()
#13 C:\xampp\htdocs\zend1\library\Zend\Controller\Action.php(516): MovieController->indexAction()
#14 C:\xampp\htdocs\zend1\library\Zend\Controller\Dispatcher\Standard.php(308): Zend_Controller_Action->dispatch('indexAction')
#15 C:\xampp\htdocs\zend1\library\Zend\Controller\Front.php(954): Zend_Controller_Dispatcher_Standard->dispatch(Object(Zend_Controller_Request_Http), Object(Zend_Controller_Response_Http))
#16 C:\xampp\htdocs\zend1\library\Zend\Application\Bootstrap\Bootstrap.php(97): Zend_Controller_Front->dispatch()
#17 C:\xampp\htdocs\zend1\init.php(34): Zend_Application_Bootstrap_Bootstrap->run()
#18 C:\xampp\htdocs\zend1\public\index.php(3): Application::run()
#19 {main}
2017-08-07T15:23:39+02:00 CRIT (2): array (
  'controller' => 'movie',
  'action' => 'index',
  'module' => 'default',
)
2017-08-07T15:35:46+02:00 NOTICE (5): Page not found
2017-08-07T15:35:46+02:00 NOTICE (5): Invalid controller specified (add)
2017-08-07T15:35:46+02:00 NOTICE (5): #0 C:\xampp\htdocs\zend1\library\Zend\Controller\Front.php(954): Zend_Controller_Dispatcher_Standard->dispatch(Object(Zend_Controller_Request_Http), Object(Zend_Controller_Response_Http))
#1 C:\xampp\htdocs\zend1\library\Zend\Application\Bootstrap\Bootstrap.php(97): Zend_Controller_Front->dispatch()
#2 C:\xampp\htdocs\zend1\init.php(34): Zend_Application_Bootstrap_Bootstrap->run()
#3 C:\xampp\htdocs\zend1\public\index.php(3): Application::run()
#4 {main}
2017-08-07T15:35:46+02:00 NOTICE (5): array (
  'controller' => 'add',
  'action' => 'index',
  'module' => 'default',
)
